INFO 2023-12-25 15:23:01,035 "GET /logs/ HTTP/1.1" 200 3750
INFO 2023-12-25 15:23:05,937 "GET / HTTP/1.1" 200 1645
INFO 2023-12-25 15:23:12,291 "GET /create/ HTTP/1.1" 200 2009
INFO 2023-12-25 15:23:42,084 "POST /create/ HTTP/1.1" 200 2186
INFO 2023-12-25 15:23:44,847 "GET /logs/ HTTP/1.1" 200 4030
INFO 2023-12-25 15:26:26,490 "GET /accounts/logout/ HTTP/1.1" 200 292
INFO 2023-12-25 15:26:33,426 "GET /logs/ HTTP/1.1" 200 934
INFO 2023-12-25 15:27:24,203 "GET /admin/ HTTP/1.1" 302 0
INFO 2023-12-25 15:27:24,266 "GET /admin/login/?next=/admin/ HTTP/1.1" 200 2304
INFO 2023-12-25 15:27:24,519 "GET /static/admin/css/fonts.css HTTP/1.1" 200 423
INFO 2023-12-25 15:27:24,577 "GET /static/admin/fonts/Roboto-Regular-webfont.woff HTTP/1.1" 200 85876
INFO 2023-12-25 15:27:24,577 "GET /static/admin/fonts/Roboto-Light-webfont.woff HTTP/1.1" 200 85692
INFO 2023-12-25 15:27:31,918 "POST /admin/login/?next=/admin/ HTTP/1.1" 302 0
INFO 2023-12-25 15:27:32,045 "GET /admin/ HTTP/1.1" 200 8176
INFO 2023-12-25 15:27:32,156 "GET /static/admin/img/icon-addlink.svg HTTP/1.1" 200 331
INFO 2023-12-25 15:27:32,158 "GET /static/admin/img/icon-deletelink.svg HTTP/1.1" 200 392
INFO 2023-12-25 15:27:32,159 "GET /static/admin/fonts/Roboto-Bold-webfont.woff HTTP/1.1" 200 86184
INFO 2023-12-25 15:27:32,162 "GET /static/admin/img/icon-changelink.svg HTTP/1.1" 200 380
INFO 2023-12-25 15:27:40,917 "GET /admin/admin/logentry/ HTTP/1.1" 200 10801
INFO 2023-12-25 15:27:41,044 "GET /admin/jsi18n/ HTTP/1.1" 200 15618
INFO 2023-12-25 15:27:41,091 "GET /static/admin/img/tooltag-add.svg HTTP/1.1" 200 331
INFO 2023-12-25 15:27:45,256 "GET /admin/ HTTP/1.1" 200 8176
INFO 2023-12-25 15:28:03,043 "GET /admin/admin/logentry/ HTTP/1.1" 200 10801
INFO 2023-12-25 15:28:03,166 "GET /admin/jsi18n/ HTTP/1.1" 200 15618
